<?xml version="1.0" encoding="UTF-8"?>
<!-- Generated by org.testng.reporters.JUnitReportReporter -->
<testsuite hostname="Priyanka" failures="0" tests="1" name="com.BasicApiTestNonBDD.FirstRequest" time="1.440" errors="0" timestamp="2025-06-02T09:07:13 IST" skipped="0">
  <testcase classname="com.BasicApiTestNonBDD.FirstRequest" name="testGetRequest" time="1.440"/>
</testsuite> <!-- com.BasicApiTestNonBDD.FirstRequest -->
