<?xml version="1.0" encoding="UTF-8"?>
<!-- Generated by org.testng.reporters.JUnitReportReporter -->
<testsuite hostname="Priyanka" failures="0" tests="1" name="com.BasicApiTestNonBDD.ThirdRequest" time="2.087" errors="0" timestamp="2025-06-03T08:55:55 IST" skipped="0">
  <testcase classname="com.BasicApiTestNonBDD.ThirdRequest" name="testUserListAPI" time="2.087"/>
</testsuite> <!-- com.BasicApiTestNonBDD.ThirdRequest -->
