<?xml version="1.0" encoding="UTF-8"?>
<!-- Generated by org.testng.reporters.JUnitReportReporter -->
<testsuite hostname="Priyanka" failures="0" tests="1" name="com.BasicApiTestNonBDD.SecondApiTest" time="2.004" errors="0" timestamp="2025-06-02T09:33:05 IST" skipped="0">
  <testcase classname="com.BasicApiTestNonBDD.SecondApiTest" name="validateGetRequest" time="2.004"/>
</testsuite> <!-- com.BasicApiTestNonBDD.SecondApiTest -->
