<?xml version="1.0" encoding="UTF-8"?>
<!-- Generated by org.testng.reporters.JUnitReportReporter -->
<testsuite hostname="Priyanka" failures="0" tests="2" name="com.RestAPITestBDD.TestSerializationdeserialization" time="0.028" errors="0" timestamp="2025-06-27T22:27:01 IST" skipped="0">
  <testcase classname="com.RestAPITestBDD.TestSerializationdeserialization" name="testDeserialization" time="0.025"/>
  <testcase classname="com.RestAPITestBDD.TestSerializationdeserialization" name="testSerialization" time="0.003"/>
</testsuite> <!-- com.RestAPITestBDD.TestSerializationdeserialization -->
