<?xml version="1.0" encoding="UTF-8"?>
<!-- Generated by org.testng.reporters.JUnitReportReporter -->
<testsuite hostname="Priyanka" failures="0" tests="5" name="com.RestAPITestBDD.AuthTypes" time="4.484" errors="0" timestamp="2025-06-27T22:27:01 IST" skipped="0">
  <testcase classname="com.RestAPITestBDD.AuthTypes" name="OpenAuth2" time="0.281"/>
  <testcase classname="com.RestAPITestBDD.AuthTypes" name="basicAuth" time="0.946"/>
  <testcase classname="com.RestAPITestBDD.AuthTypes" name="testDigestAuth" time="0.865"/>
  <testcase classname="com.RestAPITestBDD.AuthTypes" name="testGenerateToken" time="1.251"/>
  <testcase classname="com.RestAPITestBDD.AuthTypes" name="testBearerToken" time="1.141"/>
</testsuite> <!-- com.RestAPITestBDD.AuthTypes -->
