<?xml version="1.0" encoding="UTF-8"?>
<!-- Generated by org.testng.reporters.JUnitReportReporter -->
<testsuite hostname="Priyanka" failures="0" tests="3" name="com.RestAPITestBDD.FirstBDDRequest" time="0.430" errors="0" timestamp="2025-06-27T22:27:01 IST" skipped="0">
  <testcase classname="com.RestAPITestBDD.FirstBDDRequest" name="listOfUsers" time="0.222"/>
  <testcase classname="com.RestAPITestBDD.FirstBDDRequest" name="getRequest" time="0.073"/>
  <testcase classname="com.RestAPITestBDD.FirstBDDRequest" name="testSingleUser" time="0.135"/>
</testsuite> <!-- com.RestAPITestBDD.FirstBDDRequest -->
