<?xml version="1.0" encoding="UTF-8"?>
<!-- Generated by org.testng.reporters.JUnitReportReporter -->
<testsuite hostname="Priyanka" failures="0" tests="1" name="com.RestAPITestBDD.QueryPathParameterTest" time="0.328" errors="0" timestamp="2025-06-27T22:27:01 IST" skipped="0">
  <testcase classname="com.RestAPITestBDD.QueryPathParameterTest" name="requestUsingQueryPath" time="0.328"/>
</testsuite> <!-- com.RestAPITestBDD.QueryPathParameterTest -->
