<?xml version="1.0" encoding="UTF-8"?>
<!-- Generated by org.testng.reporters.JUnitReportReporter -->
<testsuite hostname="Priyanka" failures="0" tests="7" name="com.RestAPITestBDD.HotelBookingAPIChaining" time="11.922" errors="0" timestamp="2025-06-27T22:27:01 IST" skipped="0">
  <testcase classname="com.RestAPITestBDD.HotelBookingAPIChaining" name="createBooking" time="5.518"/>
  <testcase classname="com.RestAPITestBDD.HotelBookingAPIChaining" name="getBookingdetails" time="1.080"/>
  <testcase classname="com.RestAPITestBDD.HotelBookingAPIChaining" name="createToken" time="1.069"/>
  <testcase classname="com.RestAPITestBDD.HotelBookingAPIChaining" name="fullBookingUpdate" time="1.082"/>
  <testcase classname="com.RestAPITestBDD.HotelBookingAPIChaining" name="partialUpdate" time="1.050"/>
  <testcase classname="com.RestAPITestBDD.HotelBookingAPIChaining" name="getUpdatedBookingdetails" time="1.064"/>
  <testcase classname="com.RestAPITestBDD.HotelBookingAPIChaining" name="deleteBooking" time="1.059"/>
</testsuite> <!-- com.RestAPITestBDD.HotelBookingAPIChaining -->
