<?xml version="1.0" encoding="UTF-8"?>
<!-- Generated by org.testng.reporters.JUnitReportReporter -->
<testsuite hostname="Priyanka" failures="0" tests="4" name="com.RestAPITestBDD.JSONPayloadWays" time="1.445" errors="0" timestamp="2025-06-27T22:27:01 IST" skipped="0">
  <testcase classname="com.RestAPITestBDD.JSONPayloadWays" name="usingJsonFile" time="0.392"/>
  <testcase classname="com.RestAPITestBDD.JSONPayloadWays" name="usingHashMap" time="0.368"/>
  <testcase classname="com.RestAPITestBDD.JSONPayloadWays" name="usingPOJO" time="0.338"/>
  <testcase classname="com.RestAPITestBDD.JSONPayloadWays" name="usingJSONObjectClass" time="0.347"/>
</testsuite> <!-- com.RestAPITestBDD.JSONPayloadWays -->
