<?xml version="1.0" encoding="UTF-8"?>
<!-- Generated by org.testng.reporters.JUnitReportReporter -->
<testsuite hostname="Priyanka" failures="0" tests="2" name="com.RestAPITestBDD.CookiesHeaderValidation" time="0.364" errors="0" timestamp="2025-06-27T22:27:01 IST" skipped="0">
  <testcase classname="com.RestAPITestBDD.CookiesHeaderValidation" name="HeaderTest" time="0.202"/>
  <testcase classname="com.RestAPITestBDD.CookiesHeaderValidation" name="cookiesTest" time="0.162"/>
</testsuite> <!-- com.RestAPITestBDD.CookiesHeaderValidation -->
